<?xml version="1.0" encoding="UTF-8"?>
<testsuite xmlns:xsi="http://www.w3.org/2001/XMLSchema-instance" xsi:noNamespaceSchemaLocation="https://maven.apache.org/surefire/maven-surefire-plugin/xsd/surefire-test-report.xsd" name="co.com.sbaqueroadev.contigo.AppTest" time="0.008" tests="1" errors="0" skipped="0" failures="0">
  <properties>
    <property name="sun.desktop" value="gnome"/>
    <property name="awt.toolkit" value="sun.awt.X11.XToolkit"/>
    <property name="file.encoding.pkg" value="sun.io"/>
    <property name="java.specification.version" value="1.8"/>
    <property name="sun.cpu.isalist" value=""/>
    <property name="sun.jnu.encoding" value="UTF-8"/>
    <property name="java.class.path" value="/media/gasdsba/Windows7_OS/Users/Grupo ASD/git/contigo/target/test-classes:/media/gasdsba/Windows7_OS/Users/Grupo ASD/git/contigo/target/classes:/home/gasdsba/.m2/repository/org/springframework/spring-webmvc/5.0.0.RELEASE/spring-webmvc-5.0.0.RELEASE.jar:/home/gasdsba/.m2/repository/org/springframework/spring-aop/5.0.0.RELEASE/spring-aop-5.0.0.RELEASE.jar:/home/gasdsba/.m2/repository/org/springframework/spring-beans/5.0.0.RELEASE/spring-beans-5.0.0.RELEASE.jar:/home/gasdsba/.m2/repository/org/springframework/spring-context/5.0.0.RELEASE/spring-context-5.0.0.RELEASE.jar:/home/gasdsba/.m2/repository/org/springframework/spring-core/5.0.0.RELEASE/spring-core-5.0.0.RELEASE.jar:/home/gasdsba/.m2/repository/org/springframework/spring-jcl/5.0.0.RELEASE/spring-jcl-5.0.0.RELEASE.jar:/home/gasdsba/.m2/repository/org/springframework/spring-expression/5.0.0.RELEASE/spring-expression-5.0.0.RELEASE.jar:/home/gasdsba/.m2/repository/org/springframework/spring-web/5.0.0.RELEASE/spring-web-5.0.0.RELEASE.jar:/home/gasdsba/.m2/repository/org/hibernate/hibernate-core/4.1.9.Final/hibernate-core-4.1.9.Final.jar:/home/gasdsba/.m2/repository/antlr/antlr/2.7.7/antlr-2.7.7.jar:/home/gasdsba/.m2/repository/org/jboss/logging/jboss-logging/3.3.1.Final/jboss-logging-3.3.1.Final.jar:/home/gasdsba/.m2/repository/org/javassist/javassist/3.22.0-CR2/javassist-3.22.0-CR2.jar:/home/gasdsba/.m2/repository/org/jboss/spec/javax/transaction/jboss-transaction-api_1.1_spec/1.0.0.Final/jboss-transaction-api_1.1_spec-1.0.0.Final.jar:/home/gasdsba/.m2/repository/dom4j/dom4j/1.6.1/dom4j-1.6.1.jar:/home/gasdsba/.m2/repository/org/hibernate/javax/persistence/hibernate-jpa-2.0-api/1.0.1.Final/hibernate-jpa-2.0-api-1.0.1.Final.jar:/home/gasdsba/.m2/repository/org/hibernate/common/hibernate-commons-annotations/4.0.1.Final/hibernate-commons-annotations-4.0.1.Final.jar:/home/gasdsba/.m2/repository/org/hibernate/hibernate-entitymanager/4.1.9.Final/hibernate-entitymanager-4.1.9.Final.jar:/home/gasdsba/.m2/repository/javax/servlet/jstl/1.2/jstl-1.2.jar:/home/gasdsba/.m2/repository/org/apache/tomcat/embed/tomcat-embed-jasper/8.5.4/tomcat-embed-jasper-8.5.4.jar:/home/gasdsba/.m2/repository/org/apache/tomcat/embed/tomcat-embed-core/8.5.23/tomcat-embed-core-8.5.23.jar:/home/gasdsba/.m2/repository/org/apache/tomcat/tomcat-annotations-api/8.5.23/tomcat-annotations-api-8.5.23.jar:/home/gasdsba/.m2/repository/org/apache/tomcat/embed/tomcat-embed-el/8.5.23/tomcat-embed-el-8.5.23.jar:/home/gasdsba/.m2/repository/org/eclipse/jdt/core/compiler/ecj/4.5.1/ecj-4.5.1.jar:/home/gasdsba/.m2/repository/org/springframework/data/spring-data-mongodb/2.0.2.RELEASE/spring-data-mongodb-2.0.2.RELEASE.jar:/home/gasdsba/.m2/repository/org/springframework/spring-tx/5.0.0.RELEASE/spring-tx-5.0.0.RELEASE.jar:/home/gasdsba/.m2/repository/org/slf4j/slf4j-api/1.7.25/slf4j-api-1.7.25.jar:/home/gasdsba/.m2/repository/org/springframework/boot/spring-boot-starter/2.0.0.M5/spring-boot-starter-2.0.0.M5.jar:/home/gasdsba/.m2/repository/org/springframework/boot/spring-boot/2.0.0.M5/spring-boot-2.0.0.M5.jar:/home/gasdsba/.m2/repository/org/springframework/boot/spring-boot-autoconfigure/2.0.0.M5/spring-boot-autoconfigure-2.0.0.M5.jar:/home/gasdsba/.m2/repository/org/springframework/boot/spring-boot-starter-logging/2.0.0.M5/spring-boot-starter-logging-2.0.0.M5.jar:/home/gasdsba/.m2/repository/ch/qos/logback/logback-classic/1.2.3/logback-classic-1.2.3.jar:/home/gasdsba/.m2/repository/ch/qos/logback/logback-core/1.2.3/logback-core-1.2.3.jar:/home/gasdsba/.m2/repository/org/slf4j/jul-to-slf4j/1.7.25/jul-to-slf4j-1.7.25.jar:/home/gasdsba/.m2/repository/org/slf4j/log4j-over-slf4j/1.7.25/log4j-over-slf4j-1.7.25.jar:/home/gasdsba/.m2/repository/javax/annotation/javax.annotation-api/1.3.1/javax.annotation-api-1.3.1.jar:/home/gasdsba/.m2/repository/org/yaml/snakeyaml/1.18/snakeyaml-1.18.jar:/home/gasdsba/.m2/repository/org/springframework/data/spring-data-commons/2.0.2.RELEASE/spring-data-commons-2.0.2.RELEASE.jar:/home/gasdsba/.m2/repository/org/springframework/boot/spring-boot-starter-tomcat/2.0.0.M5/spring-boot-starter-tomcat-2.0.0.M5.jar:/home/gasdsba/.m2/repository/org/apache/tomcat/embed/tomcat-embed-websocket/8.5.23/tomcat-embed-websocket-8.5.23.jar:/home/gasdsba/.m2/repository/com/metaparadigm/json-rpc/1.0/json-rpc-1.0.jar:/home/gasdsba/.m2/repository/org/mongodb/mongo-java-driver/3.6.0/mongo-java-driver-3.6.0.jar:/home/gasdsba/.m2/repository/org/springframework/boot/spring-boot-starter-security/2.0.0.M5/spring-boot-starter-security-2.0.0.M5.jar:/home/gasdsba/.m2/repository/org/springframework/security/spring-security-config/5.0.0.M5/spring-security-config-5.0.0.M5.jar:/home/gasdsba/.m2/repository/org/springframework/security/spring-security-core/5.0.0.M5/spring-security-core-5.0.0.M5.jar:/home/gasdsba/.m2/repository/org/springframework/security/spring-security-web/5.0.0.M5/spring-security-web-5.0.0.M5.jar:/home/gasdsba/.m2/repository/io/jsonwebtoken/jjwt/0.6.0/jjwt-0.6.0.jar:/home/gasdsba/.m2/repository/com/fasterxml/jackson/core/jackson-databind/2.9.1/jackson-databind-2.9.1.jar:/home/gasdsba/.m2/repository/com/fasterxml/jackson/core/jackson-annotations/2.9.0/jackson-annotations-2.9.0.jar:/home/gasdsba/.m2/repository/com/fasterxml/jackson/core/jackson-core/2.9.1/jackson-core-2.9.1.jar:/home/gasdsba/.m2/repository/org/springframework/boot/spring-boot-starter-websocket/2.0.0.M5/spring-boot-starter-websocket-2.0.0.M5.jar:/home/gasdsba/.m2/repository/org/springframework/boot/spring-boot-starter-web/2.0.0.M5/spring-boot-starter-web-2.0.0.M5.jar:/home/gasdsba/.m2/repository/org/springframework/boot/spring-boot-starter-json/2.0.0.M5/spring-boot-starter-json-2.0.0.M5.jar:/home/gasdsba/.m2/repository/com/fasterxml/jackson/datatype/jackson-datatype-jdk8/2.9.1/jackson-datatype-jdk8-2.9.1.jar:/home/gasdsba/.m2/repository/com/fasterxml/jackson/datatype/jackson-datatype-jsr310/2.9.1/jackson-datatype-jsr310-2.9.1.jar:/home/gasdsba/.m2/repository/com/fasterxml/jackson/module/jackson-module-parameter-names/2.9.1/jackson-module-parameter-names-2.9.1.jar:/home/gasdsba/.m2/repository/com/fasterxml/jackson/module/jackson-module-kotlin/2.9.1/jackson-module-kotlin-2.9.1.jar:/home/gasdsba/.m2/repository/org/hibernate/validator/hibernate-validator/6.0.2.Final/hibernate-validator-6.0.2.Final.jar:/home/gasdsba/.m2/repository/javax/validation/validation-api/2.0.0.Final/validation-api-2.0.0.Final.jar:/home/gasdsba/.m2/repository/com/fasterxml/classmate/1.3.4/classmate-1.3.4.jar:/home/gasdsba/.m2/repository/org/springframework/spring-messaging/5.0.0.RELEASE/spring-messaging-5.0.0.RELEASE.jar:/home/gasdsba/.m2/repository/org/springframework/spring-websocket/5.0.0.RELEASE/spring-websocket-5.0.0.RELEASE.jar:/home/gasdsba/.m2/repository/org/webjars/bower/sockjs-client/1.1.4/sockjs-client-1.1.4.jar:/home/gasdsba/.m2/repository/org/webjars/bower/stomp-websocket/2.3.4/stomp-websocket-2.3.4.jar:/home/gasdsba/.m2/repository/org/webjars/bootstrap/3.3.7-1/bootstrap-3.3.7-1.jar:/home/gasdsba/.m2/repository/org/webjars/jquery/3.2.1/jquery-3.2.1.jar:/home/gasdsba/.m2/repository/org/webjars/bower/webrtc-adapter.js/0.0.1/webrtc-adapter.js-0.0.1.jar:/home/gasdsba/.m2/repository/org/webjars/web-socket-js/10410eb45a/web-socket-js-10410eb45a.jar:/home/gasdsba/.m2/repository/org/webjars/bower/angular/1.6.7-1/angular-1.6.7-1.jar:/home/gasdsba/.m2/repository/org/webjars/webjars-locator/0.30/webjars-locator-0.30.jar:/home/gasdsba/.m2/repository/org/webjars/webjars-locator-core/0.30/webjars-locator-core-0.30.jar:/home/gasdsba/.m2/repository/org/apache/commons/commons-compress/1.9/commons-compress-1.9.jar:/home/gasdsba/.m2/repository/org/apache/commons/commons-lang3/3.6/commons-lang3-3.6.jar:/home/gasdsba/.m2/repository/junit/junit/3.8.1/junit-3.8.1.jar:"/>
    <property name="java.vm.vendor" value="Oracle Corporation"/>
    <property name="sun.arch.data.model" value="64"/>
    <property name="java.vendor.url" value="http://java.oracle.com/"/>
    <property name="user.timezone" value=""/>
    <property name="java.vm.specification.version" value="1.8"/>
    <property name="os.name" value="Linux"/>
    <property name="user.country" value="CO"/>
    <property name="sun.java.launcher" value="SUN_STANDARD"/>
    <property name="sun.boot.library.path" value="/usr/lib/jvm/java-8-openjdk-amd64/jre/lib/amd64"/>
    <property name="sun.java.command" value="/media/gasdsba/Windows7_OS/Users/Grupo ASD/git/contigo/target/surefire/surefirebooter6627960212279499147.jar /media/gasdsba/Windows7_OS/Users/Grupo ASD/git/contigo/target/surefire 2018-01-26T16-31-34_735-jvmRun1 surefire4340634588633503055tmp surefire_03676507769873068016tmp"/>
    <property name="surefire.test.class.path" value="/media/gasdsba/Windows7_OS/Users/Grupo ASD/git/contigo/target/test-classes:/media/gasdsba/Windows7_OS/Users/Grupo ASD/git/contigo/target/classes:/home/gasdsba/.m2/repository/org/springframework/spring-webmvc/5.0.0.RELEASE/spring-webmvc-5.0.0.RELEASE.jar:/home/gasdsba/.m2/repository/org/springframework/spring-aop/5.0.0.RELEASE/spring-aop-5.0.0.RELEASE.jar:/home/gasdsba/.m2/repository/org/springframework/spring-beans/5.0.0.RELEASE/spring-beans-5.0.0.RELEASE.jar:/home/gasdsba/.m2/repository/org/springframework/spring-context/5.0.0.RELEASE/spring-context-5.0.0.RELEASE.jar:/home/gasdsba/.m2/repository/org/springframework/spring-core/5.0.0.RELEASE/spring-core-5.0.0.RELEASE.jar:/home/gasdsba/.m2/repository/org/springframework/spring-jcl/5.0.0.RELEASE/spring-jcl-5.0.0.RELEASE.jar:/home/gasdsba/.m2/repository/org/springframework/spring-expression/5.0.0.RELEASE/spring-expression-5.0.0.RELEASE.jar:/home/gasdsba/.m2/repository/org/springframework/spring-web/5.0.0.RELEASE/spring-web-5.0.0.RELEASE.jar:/home/gasdsba/.m2/repository/org/hibernate/hibernate-core/4.1.9.Final/hibernate-core-4.1.9.Final.jar:/home/gasdsba/.m2/repository/antlr/antlr/2.7.7/antlr-2.7.7.jar:/home/gasdsba/.m2/repository/org/jboss/logging/jboss-logging/3.3.1.Final/jboss-logging-3.3.1.Final.jar:/home/gasdsba/.m2/repository/org/javassist/javassist/3.22.0-CR2/javassist-3.22.0-CR2.jar:/home/gasdsba/.m2/repository/org/jboss/spec/javax/transaction/jboss-transaction-api_1.1_spec/1.0.0.Final/jboss-transaction-api_1.1_spec-1.0.0.Final.jar:/home/gasdsba/.m2/repository/dom4j/dom4j/1.6.1/dom4j-1.6.1.jar:/home/gasdsba/.m2/repository/org/hibernate/javax/persistence/hibernate-jpa-2.0-api/1.0.1.Final/hibernate-jpa-2.0-api-1.0.1.Final.jar:/home/gasdsba/.m2/repository/org/hibernate/common/hibernate-commons-annotations/4.0.1.Final/hibernate-commons-annotations-4.0.1.Final.jar:/home/gasdsba/.m2/repository/org/hibernate/hibernate-entitymanager/4.1.9.Final/hibernate-entitymanager-4.1.9.Final.jar:/home/gasdsba/.m2/repository/javax/servlet/jstl/1.2/jstl-1.2.jar:/home/gasdsba/.m2/repository/org/apache/tomcat/embed/tomcat-embed-jasper/8.5.4/tomcat-embed-jasper-8.5.4.jar:/home/gasdsba/.m2/repository/org/apache/tomcat/embed/tomcat-embed-core/8.5.23/tomcat-embed-core-8.5.23.jar:/home/gasdsba/.m2/repository/org/apache/tomcat/tomcat-annotations-api/8.5.23/tomcat-annotations-api-8.5.23.jar:/home/gasdsba/.m2/repository/org/apache/tomcat/embed/tomcat-embed-el/8.5.23/tomcat-embed-el-8.5.23.jar:/home/gasdsba/.m2/repository/org/eclipse/jdt/core/compiler/ecj/4.5.1/ecj-4.5.1.jar:/home/gasdsba/.m2/repository/org/springframework/data/spring-data-mongodb/2.0.2.RELEASE/spring-data-mongodb-2.0.2.RELEASE.jar:/home/gasdsba/.m2/repository/org/springframework/spring-tx/5.0.0.RELEASE/spring-tx-5.0.0.RELEASE.jar:/home/gasdsba/.m2/repository/org/slf4j/slf4j-api/1.7.25/slf4j-api-1.7.25.jar:/home/gasdsba/.m2/repository/org/springframework/boot/spring-boot-starter/2.0.0.M5/spring-boot-starter-2.0.0.M5.jar:/home/gasdsba/.m2/repository/org/springframework/boot/spring-boot/2.0.0.M5/spring-boot-2.0.0.M5.jar:/home/gasdsba/.m2/repository/org/springframework/boot/spring-boot-autoconfigure/2.0.0.M5/spring-boot-autoconfigure-2.0.0.M5.jar:/home/gasdsba/.m2/repository/org/springframework/boot/spring-boot-starter-logging/2.0.0.M5/spring-boot-starter-logging-2.0.0.M5.jar:/home/gasdsba/.m2/repository/ch/qos/logback/logback-classic/1.2.3/logback-classic-1.2.3.jar:/home/gasdsba/.m2/repository/ch/qos/logback/logback-core/1.2.3/logback-core-1.2.3.jar:/home/gasdsba/.m2/repository/org/slf4j/jul-to-slf4j/1.7.25/jul-to-slf4j-1.7.25.jar:/home/gasdsba/.m2/repository/org/slf4j/log4j-over-slf4j/1.7.25/log4j-over-slf4j-1.7.25.jar:/home/gasdsba/.m2/repository/javax/annotation/javax.annotation-api/1.3.1/javax.annotation-api-1.3.1.jar:/home/gasdsba/.m2/repository/org/yaml/snakeyaml/1.18/snakeyaml-1.18.jar:/home/gasdsba/.m2/repository/org/springframework/data/spring-data-commons/2.0.2.RELEASE/spring-data-commons-2.0.2.RELEASE.jar:/home/gasdsba/.m2/repository/org/springframework/boot/spring-boot-starter-tomcat/2.0.0.M5/spring-boot-starter-tomcat-2.0.0.M5.jar:/home/gasdsba/.m2/repository/org/apache/tomcat/embed/tomcat-embed-websocket/8.5.23/tomcat-embed-websocket-8.5.23.jar:/home/gasdsba/.m2/repository/com/metaparadigm/json-rpc/1.0/json-rpc-1.0.jar:/home/gasdsba/.m2/repository/org/mongodb/mongo-java-driver/3.6.0/mongo-java-driver-3.6.0.jar:/home/gasdsba/.m2/repository/org/springframework/boot/spring-boot-starter-security/2.0.0.M5/spring-boot-starter-security-2.0.0.M5.jar:/home/gasdsba/.m2/repository/org/springframework/security/spring-security-config/5.0.0.M5/spring-security-config-5.0.0.M5.jar:/home/gasdsba/.m2/repository/org/springframework/security/spring-security-core/5.0.0.M5/spring-security-core-5.0.0.M5.jar:/home/gasdsba/.m2/repository/org/springframework/security/spring-security-web/5.0.0.M5/spring-security-web-5.0.0.M5.jar:/home/gasdsba/.m2/repository/io/jsonwebtoken/jjwt/0.6.0/jjwt-0.6.0.jar:/home/gasdsba/.m2/repository/com/fasterxml/jackson/core/jackson-databind/2.9.1/jackson-databind-2.9.1.jar:/home/gasdsba/.m2/repository/com/fasterxml/jackson/core/jackson-annotations/2.9.0/jackson-annotations-2.9.0.jar:/home/gasdsba/.m2/repository/com/fasterxml/jackson/core/jackson-core/2.9.1/jackson-core-2.9.1.jar:/home/gasdsba/.m2/repository/org/springframework/boot/spring-boot-starter-websocket/2.0.0.M5/spring-boot-starter-websocket-2.0.0.M5.jar:/home/gasdsba/.m2/repository/org/springframework/boot/spring-boot-starter-web/2.0.0.M5/spring-boot-starter-web-2.0.0.M5.jar:/home/gasdsba/.m2/repository/org/springframework/boot/spring-boot-starter-json/2.0.0.M5/spring-boot-starter-json-2.0.0.M5.jar:/home/gasdsba/.m2/repository/com/fasterxml/jackson/datatype/jackson-datatype-jdk8/2.9.1/jackson-datatype-jdk8-2.9.1.jar:/home/gasdsba/.m2/repository/com/fasterxml/jackson/datatype/jackson-datatype-jsr310/2.9.1/jackson-datatype-jsr310-2.9.1.jar:/home/gasdsba/.m2/repository/com/fasterxml/jackson/module/jackson-module-parameter-names/2.9.1/jackson-module-parameter-names-2.9.1.jar:/home/gasdsba/.m2/repository/com/fasterxml/jackson/module/jackson-module-kotlin/2.9.1/jackson-module-kotlin-2.9.1.jar:/home/gasdsba/.m2/repository/org/hibernate/validator/hibernate-validator/6.0.2.Final/hibernate-validator-6.0.2.Final.jar:/home/gasdsba/.m2/repository/javax/validation/validation-api/2.0.0.Final/validation-api-2.0.0.Final.jar:/home/gasdsba/.m2/repository/com/fasterxml/classmate/1.3.4/classmate-1.3.4.jar:/home/gasdsba/.m2/repository/org/springframework/spring-messaging/5.0.0.RELEASE/spring-messaging-5.0.0.RELEASE.jar:/home/gasdsba/.m2/repository/org/springframework/spring-websocket/5.0.0.RELEASE/spring-websocket-5.0.0.RELEASE.jar:/home/gasdsba/.m2/repository/org/webjars/bower/sockjs-client/1.1.4/sockjs-client-1.1.4.jar:/home/gasdsba/.m2/repository/org/webjars/bower/stomp-websocket/2.3.4/stomp-websocket-2.3.4.jar:/home/gasdsba/.m2/repository/org/webjars/bootstrap/3.3.7-1/bootstrap-3.3.7-1.jar:/home/gasdsba/.m2/repository/org/webjars/jquery/3.2.1/jquery-3.2.1.jar:/home/gasdsba/.m2/repository/org/webjars/bower/webrtc-adapter.js/0.0.1/webrtc-adapter.js-0.0.1.jar:/home/gasdsba/.m2/repository/org/webjars/web-socket-js/10410eb45a/web-socket-js-10410eb45a.jar:/home/gasdsba/.m2/repository/org/webjars/bower/angular/1.6.7-1/angular-1.6.7-1.jar:/home/gasdsba/.m2/repository/org/webjars/webjars-locator/0.30/webjars-locator-0.30.jar:/home/gasdsba/.m2/repository/org/webjars/webjars-locator-core/0.30/webjars-locator-core-0.30.jar:/home/gasdsba/.m2/repository/org/apache/commons/commons-compress/1.9/commons-compress-1.9.jar:/home/gasdsba/.m2/repository/org/apache/commons/commons-lang3/3.6/commons-lang3-3.6.jar:/home/gasdsba/.m2/repository/junit/junit/3.8.1/junit-3.8.1.jar:"/>
    <property name="sun.cpu.endian" value="little"/>
    <property name="user.home" value="/home/gasdsba"/>
    <property name="user.language" value="es"/>
    <property name="java.specification.vendor" value="Oracle Corporation"/>
    <property name="java.home" value="/usr/lib/jvm/java-8-openjdk-amd64/jre"/>
    <property name="basedir" value="/media/gasdsba/Windows7_OS/Users/Grupo ASD/git/contigo"/>
    <property name="file.separator" value="/"/>
    <property name="line.separator" value="&#10;"/>
    <property name="java.vm.specification.vendor" value="Oracle Corporation"/>
    <property name="java.specification.name" value="Java Platform API Specification"/>
    <property name="java.awt.graphicsenv" value="sun.awt.X11GraphicsEnvironment"/>
    <property name="surefire.real.class.path" value="/media/gasdsba/Windows7_OS/Users/Grupo ASD/git/contigo/target/surefire/surefirebooter6627960212279499147.jar"/>
    <property name="sun.boot.class.path" value="/usr/lib/jvm/java-8-openjdk-amd64/jre/lib/resources.jar:/usr/lib/jvm/java-8-openjdk-amd64/jre/lib/rt.jar:/usr/lib/jvm/java-8-openjdk-amd64/jre/lib/sunrsasign.jar:/usr/lib/jvm/java-8-openjdk-amd64/jre/lib/jsse.jar:/usr/lib/jvm/java-8-openjdk-amd64/jre/lib/jce.jar:/usr/lib/jvm/java-8-openjdk-amd64/jre/lib/charsets.jar:/usr/lib/jvm/java-8-openjdk-amd64/jre/lib/jfr.jar:/usr/lib/jvm/java-8-openjdk-amd64/jre/classes"/>
    <property name="sun.management.compiler" value="HotSpot 64-Bit Tiered Compilers"/>
    <property name="java.runtime.version" value="1.8.0_151-8u151-b12-0ubuntu0.16.04.2-b12"/>
    <property name="user.name" value="gasdsba"/>
    <property name="path.separator" value=":"/>
    <property name="os.version" value="4.13.0-31-generic"/>
    <property name="java.endorsed.dirs" value="/usr/lib/jvm/java-8-openjdk-amd64/jre/lib/endorsed"/>
    <property name="java.runtime.name" value="OpenJDK Runtime Environment"/>
    <property name="file.encoding" value="UTF-8"/>
    <property name="java.vm.name" value="OpenJDK 64-Bit Server VM"/>
    <property name="localRepository" value="/home/gasdsba/.m2/repository"/>
    <property name="java.vendor.url.bug" value="http://bugreport.sun.com/bugreport/"/>
    <property name="java.io.tmpdir" value="/tmp"/>
    <property name="java.version" value="1.8.0_151"/>
    <property name="user.dir" value="/media/gasdsba/Windows7_OS/Users/Grupo ASD/git/contigo"/>
    <property name="os.arch" value="amd64"/>
    <property name="java.vm.specification.name" value="Java Virtual Machine Specification"/>
    <property name="java.awt.printerjob" value="sun.print.PSPrinterJob"/>
    <property name="sun.os.patch.level" value="unknown"/>
    <property name="java.library.path" value="/usr/java/packages/lib/amd64:/usr/lib/x86_64-linux-gnu/jni:/lib/x86_64-linux-gnu:/usr/lib/x86_64-linux-gnu:/usr/lib/jni:/lib:/usr/lib"/>
    <property name="java.vm.info" value="mixed mode"/>
    <property name="java.vendor" value="Oracle Corporation"/>
    <property name="java.vm.version" value="25.151-b12"/>
    <property name="java.ext.dirs" value="/usr/lib/jvm/java-8-openjdk-amd64/jre/lib/ext:/usr/java/packages/lib/ext"/>
    <property name="sun.io.unicode.encoding" value="UnicodeLittle"/>
    <property name="java.class.version" value="52.0"/>
  </properties>
  <testcase name="testApp" classname="co.com.sbaqueroadev.contigo.AppTest" time="0.001"/>
</testsuite>